INFO:     Will watch for changes in these directories: ['C:\\Users\\gabri\\Documents\\GitHub\\Sexo\\Bot\\amazon-promo-bot']
INFO:     Uvicorn running on http://127.0.0.1:8000 (Press CTRL+C to quit)
INFO:     Started reloader process [32804] using StatReload
INFO:     Started server process [13280]
INFO:     Waiting for application startup.
INFO:     Application startup complete.
WARNING:  StatReload detected changes in 'app\schemas.py'. Reloading...
INFO:     Shutting down
INFO:     Waiting for application shutdown.
INFO:     Application shutdown complete.
INFO:     Finished server process [13280]
Process SpawnProcess-2:
Traceback (most recent call last):
  File "C:\Users\gabri\Documents\GitHub\Sexo\Bot\amazon-promo-bot\.venv\Lib\site-packages\starlette\templating.py", line 14, in <module>
    import jinja2
ModuleNotFoundError: No module named 'jinja2'

The above exception was the direct cause of the following exception:

Traceback (most recent call last):
  File "C:\Users\gabri\AppData\Local\Programs\Python\Python311\Lib\multiprocessing\process.py", line 314, in _bootstrap
    self.run()
  File "C:\Users\gabri\AppData\Local\Programs\Python\Python311\Lib\multiprocessing\process.py", line 108, in run
    self._target(*self._args, **self._kwargs)
  File "C:\Users\gabri\Documents\GitHub\Sexo\Bot\amazon-promo-bot\.venv\Lib\site-packages\uvicorn\_subprocess.py", line 80, in subprocess_started
    target(sockets=sockets)
  File "C:\Users\gabri\Documents\GitHub\Sexo\Bot\amazon-promo-bot\.venv\Lib\site-packages\uvicorn\server.py", line 75, in run
    return asyncio_run(self.serve(sockets=sockets), loop_factory=self.config.get_loop_factory())
           ^^^^^^^^^^^^^^^^^^^^^^^^^^^^^^^^^^^^^^^^^^^^^^^^^^^^^^^^^^^^^^^^^^^^^^^^^^^^^^^^^^^^^
  File "C:\Users\gabri\Documents\GitHub\Sexo\Bot\amazon-promo-bot\.venv\Lib\site-packages\uvicorn\_compat.py", line 30, in asyncio_run
    return runner.run(main)
           ^^^^^^^^^^^^^^^^
  File "C:\Users\gabri\AppData\Local\Programs\Python\Python311\Lib\asyncio\runners.py", line 118, in run
    return self._loop.run_until_complete(task)
           ^^^^^^^^^^^^^^^^^^^^^^^^^^^^^^^^^^^
  File "C:\Users\gabri\AppData\Local\Programs\Python\Python311\Lib\asyncio\base_events.py", line 654, in run_until_complete
    return future.result()
           ^^^^^^^^^^^^^^^
  File "C:\Users\gabri\Documents\GitHub\Sexo\Bot\amazon-promo-bot\.venv\Lib\site-packages\uvicorn\server.py", line 79, in serve
    await self._serve(sockets)
  File "C:\Users\gabri\Documents\GitHub\Sexo\Bot\amazon-promo-bot\.venv\Lib\site-packages\uvicorn\server.py", line 86, in _serve
    config.load()
  File "C:\Users\gabri\Documents\GitHub\Sexo\Bot\amazon-promo-bot\.venv\Lib\site-packages\uvicorn\config.py", line 449, in load
    self.loaded_app = import_from_string(self.app)
                      ^^^^^^^^^^^^^^^^^^^^^^^^^^^^
  File "C:\Users\gabri\Documents\GitHub\Sexo\Bot\amazon-promo-bot\.venv\Lib\site-packages\uvicorn\importer.py", line 19, in import_from_string
    module = importlib.import_module(module_str)
             ^^^^^^^^^^^^^^^^^^^^^^^^^^^^^^^^^^^
  File "C:\Users\gabri\AppData\Local\Programs\Python\Python311\Lib\importlib\__init__.py", line 126, in import_module
    return _bootstrap._gcd_import(name[level:], package, level)
           ^^^^^^^^^^^^^^^^^^^^^^^^^^^^^^^^^^^^^^^^^^^^^^^^^^^^
  File "<frozen importlib._bootstrap>", line 1204, in _gcd_import
  File "<frozen importlib._bootstrap>", line 1176, in _find_and_load
  File "<frozen importlib._bootstrap>", line 1147, in _find_and_load_unlocked
  File "<frozen importlib._bootstrap>", line 690, in _load_unlocked
  File "<frozen importlib._bootstrap_external>", line 940, in exec_module
  File "<frozen importlib._bootstrap>", line 241, in _call_with_frames_removed
  File "C:\Users\gabri\Documents\GitHub\Sexo\Bot\amazon-promo-bot\app\main.py", line 9, in <module>
    from fastapi.templating import Jinja2Templates
  File "C:\Users\gabri\Documents\GitHub\Sexo\Bot\amazon-promo-bot\.venv\Lib\site-packages\fastapi\templating.py", line 1, in <module>
    from starlette.templating import Jinja2Templates as Jinja2Templates  # noqa
    ^^^^^^^^^^^^^^^^^^^^^^^^^^^^^^^^^^^^^^^^^^^^^^^^^^^^^^^^^^^^^^^^^^^
  File "C:\Users\gabri\Documents\GitHub\Sexo\Bot\amazon-promo-bot\.venv\Lib\site-packages\starlette\templating.py", line 28, in <module>
    raise ImportError("jinja2 must be installed to use Jinja2Templates") from _import_error
ImportError: jinja2 must be installed to use Jinja2Templates
WARNING:  StatReload detected changes in 'tests\test_dashboard_endpoints.py'. Reloading...
INFO:     Started server process [39048]
INFO:     Waiting for application startup.
INFO:     Application startup complete.
ERROR:    Exception in ASGI application
Traceback (most recent call last):
  File "C:\Users\gabri\Documents\GitHub\Sexo\Bot\amazon-promo-bot\.venv\Lib\site-packages\uvicorn\protocols\http\h11_impl.py", line 415, in run_asgi
    result = await app(  # type: ignore[func-returns-value]
             ^^^^^^^^^^^^^^^^^^^^^^^^^^^^^^^^^^^^^^^^^^^^^^
  File "C:\Users\gabri\Documents\GitHub\Sexo\Bot\amazon-promo-bot\.venv\Lib\site-packages\uvicorn\middleware\proxy_headers.py", line 56, in __call__
    return await self.app(scope, receive, send)
           ^^^^^^^^^^^^^^^^^^^^^^^^^^^^^^^^^^^^
  File "C:\Users\gabri\Documents\GitHub\Sexo\Bot\amazon-promo-bot\.venv\Lib\site-packages\fastapi\applications.py", line 1159, in __call__
    await super().__call__(scope, receive, send)
  File "C:\Users\gabri\Documents\GitHub\Sexo\Bot\amazon-promo-bot\.venv\Lib\site-packages\starlette\applications.py", line 90, in __call__
    await self.middleware_stack(scope, receive, send)
  File "C:\Users\gabri\Documents\GitHub\Sexo\Bot\amazon-promo-bot\.venv\Lib\site-packages\starlette\middleware\errors.py", line 186, in __call__
    raise exc
  File "C:\Users\gabri\Documents\GitHub\Sexo\Bot\amazon-promo-bot\.venv\Lib\site-packages\starlette\middleware\errors.py", line 164, in __call__
    await self.app(scope, receive, _send)
  File "C:\Users\gabri\Documents\GitHub\Sexo\Bot\amazon-promo-bot\.venv\Lib\site-packages\starlette\middleware\exceptions.py", line 63, in __call__
    await wrap_app_handling_exceptions(self.app, conn)(scope, receive, send)
  File "C:\Users\gabri\Documents\GitHub\Sexo\Bot\amazon-promo-bot\.venv\Lib\site-packages\starlette\_exception_handler.py", line 53, in wrapped_app
    raise exc
  File "C:\Users\gabri\Documents\GitHub\Sexo\Bot\amazon-promo-bot\.venv\Lib\site-packages\starlette\_exception_handler.py", line 42, in wrapped_app
    await app(scope, receive, sender)
  File "C:\Users\gabri\Documents\GitHub\Sexo\Bot\amazon-promo-bot\.venv\Lib\site-packages\fastapi\middleware\asyncexitstack.py", line 18, in __call__
    await self.app(scope, receive, send)
  File "C:\Users\gabri\Documents\GitHub\Sexo\Bot\amazon-promo-bot\.venv\Lib\site-packages\starlette\routing.py", line 660, in __call__
    await self.middleware_stack(scope, receive, send)
  File "C:\Users\gabri\Documents\GitHub\Sexo\Bot\amazon-promo-bot\.venv\Lib\site-packages\starlette\routing.py", line 680, in app
    await route.handle(scope, receive, send)
  File "C:\Users\gabri\Documents\GitHub\Sexo\Bot\amazon-promo-bot\.venv\Lib\site-packages\starlette\routing.py", line 276, in handle
    await self.app(scope, receive, send)
  File "C:\Users\gabri\Documents\GitHub\Sexo\Bot\amazon-promo-bot\.venv\Lib\site-packages\fastapi\routing.py", line 134, in app
    await wrap_app_handling_exceptions(app, request)(scope, receive, send)
  File "C:\Users\gabri\Documents\GitHub\Sexo\Bot\amazon-promo-bot\.venv\Lib\site-packages\starlette\_exception_handler.py", line 53, in wrapped_app
    raise exc
  File "C:\Users\gabri\Documents\GitHub\Sexo\Bot\amazon-promo-bot\.venv\Lib\site-packages\starlette\_exception_handler.py", line 42, in wrapped_app
    await app(scope, receive, sender)
  File "C:\Users\gabri\Documents\GitHub\Sexo\Bot\amazon-promo-bot\.venv\Lib\site-packages\fastapi\routing.py", line 120, in app
    response = await f(request)
               ^^^^^^^^^^^^^^^^
  File "C:\Users\gabri\Documents\GitHub\Sexo\Bot\amazon-promo-bot\.venv\Lib\site-packages\fastapi\routing.py", line 674, in app
    raw_response = await run_endpoint_function(
                   ^^^^^^^^^^^^^^^^^^^^^^^^^^^^
  File "C:\Users\gabri\Documents\GitHub\Sexo\Bot\amazon-promo-bot\.venv\Lib\site-packages\fastapi\routing.py", line 330, in run_endpoint_function
    return await run_in_threadpool(dependant.call, **values)
           ^^^^^^^^^^^^^^^^^^^^^^^^^^^^^^^^^^^^^^^^^^^^^^^^^
  File "C:\Users\gabri\Documents\GitHub\Sexo\Bot\amazon-promo-bot\.venv\Lib\site-packages\starlette\concurrency.py", line 32, in run_in_threadpool
    return await anyio.to_thread.run_sync(func)
           ^^^^^^^^^^^^^^^^^^^^^^^^^^^^^^^^^^^^
  File "C:\Users\gabri\Documents\GitHub\Sexo\Bot\amazon-promo-bot\.venv\Lib\site-packages\anyio\to_thread.py", line 63, in run_sync
    return await get_async_backend().run_sync_in_worker_thread(
           ^^^^^^^^^^^^^^^^^^^^^^^^^^^^^^^^^^^^^^^^^^^^^^^^^^^^
  File "C:\Users\gabri\Documents\GitHub\Sexo\Bot\amazon-promo-bot\.venv\Lib\site-packages\anyio\_backends\_asyncio.py", line 2518, in run_sync_in_worker_thread
    return await future
           ^^^^^^^^^^^^
  File "C:\Users\gabri\Documents\GitHub\Sexo\Bot\amazon-promo-bot\.venv\Lib\site-packages\anyio\_backends\_asyncio.py", line 1002, in run
    result = context.run(func, *args)
             ^^^^^^^^^^^^^^^^^^^^^^^^
  File "C:\Users\gabri\Documents\GitHub\Sexo\Bot\amazon-promo-bot\app\main.py", line 46, in dashboard
    return templates.TemplateResponse(
           ^^^^^^^^^^^^^^^^^^^^^^^^^^^
  File "C:\Users\gabri\Documents\GitHub\Sexo\Bot\amazon-promo-bot\.venv\Lib\site-packages\starlette\templating.py", line 148, in TemplateResponse
    template = self.get_template(name)
               ^^^^^^^^^^^^^^^^^^^^^^^
  File "C:\Users\gabri\Documents\GitHub\Sexo\Bot\amazon-promo-bot\.venv\Lib\site-packages\starlette\templating.py", line 115, in get_template
    return self.env.get_template(name)
           ^^^^^^^^^^^^^^^^^^^^^^^^^^^
  File "C:\Users\gabri\Documents\GitHub\Sexo\Bot\amazon-promo-bot\.venv\Lib\site-packages\jinja2\environment.py", line 1016, in get_template
    return self._load_template(name, globals)
           ^^^^^^^^^^^^^^^^^^^^^^^^^^^^^^^^^^
  File "C:\Users\gabri\Documents\GitHub\Sexo\Bot\amazon-promo-bot\.venv\Lib\site-packages\jinja2\environment.py", line 964, in _load_template
    template = self.cache.get(cache_key)
               ^^^^^^^^^^^^^^^^^^^^^^^^^
  File "C:\Users\gabri\Documents\GitHub\Sexo\Bot\amazon-promo-bot\.venv\Lib\site-packages\jinja2\utils.py", line 477, in get
    return self[key]
           ~~~~^^^^^
  File "C:\Users\gabri\Documents\GitHub\Sexo\Bot\amazon-promo-bot\.venv\Lib\site-packages\jinja2\utils.py", line 515, in __getitem__
    rv = self._mapping[key]
         ~~~~~~~~~~~~~^^^^^
TypeError: unhashable type: 'dict'
WARNING:  StatReload detected changes in 'app\main.py'. Reloading...
ERROR:    Exception in ASGI application
Traceback (most recent call last):
  File "C:\Users\gabri\Documents\GitHub\Sexo\Bot\amazon-promo-bot\.venv\Lib\site-packages\uvicorn\protocols\http\h11_impl.py", line 415, in run_asgi
    result = await app(  # type: ignore[func-returns-value]
             ^^^^^^^^^^^^^^^^^^^^^^^^^^^^^^^^^^^^^^^^^^^^^^
  File "C:\Users\gabri\Documents\GitHub\Sexo\Bot\amazon-promo-bot\.venv\Lib\site-packages\uvicorn\middleware\proxy_headers.py", line 56, in __call__
    return await self.app(scope, receive, send)
           ^^^^^^^^^^^^^^^^^^^^^^^^^^^^^^^^^^^^
  File "C:\Users\gabri\Documents\GitHub\Sexo\Bot\amazon-promo-bot\.venv\Lib\site-packages\fastapi\applications.py", line 1159, in __call__
    await super().__call__(scope, receive, send)
  File "C:\Users\gabri\Documents\GitHub\Sexo\Bot\amazon-promo-bot\.venv\Lib\site-packages\starlette\applications.py", line 90, in __call__
    await self.middleware_stack(scope, receive, send)
  File "C:\Users\gabri\Documents\GitHub\Sexo\Bot\amazon-promo-bot\.venv\Lib\site-packages\starlette\middleware\errors.py", line 186, in __call__
    raise exc
  File "C:\Users\gabri\Documents\GitHub\Sexo\Bot\amazon-promo-bot\.venv\Lib\site-packages\starlette\middleware\errors.py", line 164, in __call__
    await self.app(scope, receive, _send)
  File "C:\Users\gabri\Documents\GitHub\Sexo\Bot\amazon-promo-bot\.venv\Lib\site-packages\starlette\middleware\exceptions.py", line 63, in __call__
    await wrap_app_handling_exceptions(self.app, conn)(scope, receive, send)
  File "C:\Users\gabri\Documents\GitHub\Sexo\Bot\amazon-promo-bot\.venv\Lib\site-packages\starlette\_exception_handler.py", line 53, in wrapped_app
    raise exc
  File "C:\Users\gabri\Documents\GitHub\Sexo\Bot\amazon-promo-bot\.venv\Lib\site-packages\starlette\_exception_handler.py", line 42, in wrapped_app
    await app(scope, receive, sender)
  File "C:\Users\gabri\Documents\GitHub\Sexo\Bot\amazon-promo-bot\.venv\Lib\site-packages\fastapi\middleware\asyncexitstack.py", line 18, in __call__
    await self.app(scope, receive, send)
  File "C:\Users\gabri\Documents\GitHub\Sexo\Bot\amazon-promo-bot\.venv\Lib\site-packages\starlette\routing.py", line 660, in __call__
    await self.middleware_stack(scope, receive, send)
  File "C:\Users\gabri\Documents\GitHub\Sexo\Bot\amazon-promo-bot\.venv\Lib\site-packages\starlette\routing.py", line 680, in app
    await route.handle(scope, receive, send)
  File "C:\Users\gabri\Documents\GitHub\Sexo\Bot\amazon-promo-bot\.venv\Lib\site-packages\starlette\routing.py", line 276, in handle
    await self.app(scope, receive, send)
  File "C:\Users\gabri\Documents\GitHub\Sexo\Bot\amazon-promo-bot\.venv\Lib\site-packages\fastapi\routing.py", line 134, in app
    await wrap_app_handling_exceptions(app, request)(scope, receive, send)
  File "C:\Users\gabri\Documents\GitHub\Sexo\Bot\amazon-promo-bot\.venv\Lib\site-packages\starlette\_exception_handler.py", line 53, in wrapped_app
    raise exc
  File "C:\Users\gabri\Documents\GitHub\Sexo\Bot\amazon-promo-bot\.venv\Lib\site-packages\starlette\_exception_handler.py", line 42, in wrapped_app
    await app(scope, receive, sender)
  File "C:\Users\gabri\Documents\GitHub\Sexo\Bot\amazon-promo-bot\.venv\Lib\site-packages\fastapi\routing.py", line 120, in app
    response = await f(request)
               ^^^^^^^^^^^^^^^^
  File "C:\Users\gabri\Documents\GitHub\Sexo\Bot\amazon-promo-bot\.venv\Lib\site-packages\fastapi\routing.py", line 674, in app
    raw_response = await run_endpoint_function(
                   ^^^^^^^^^^^^^^^^^^^^^^^^^^^^
  File "C:\Users\gabri\Documents\GitHub\Sexo\Bot\amazon-promo-bot\.venv\Lib\site-packages\fastapi\routing.py", line 330, in run_endpoint_function
    return await run_in_threadpool(dependant.call, **values)
           ^^^^^^^^^^^^^^^^^^^^^^^^^^^^^^^^^^^^^^^^^^^^^^^^^
  File "C:\Users\gabri\Documents\GitHub\Sexo\Bot\amazon-promo-bot\.venv\Lib\site-packages\starlette\concurrency.py", line 32, in run_in_threadpool
    return await anyio.to_thread.run_sync(func)
           ^^^^^^^^^^^^^^^^^^^^^^^^^^^^^^^^^^^^
  File "C:\Users\gabri\Documents\GitHub\Sexo\Bot\amazon-promo-bot\.venv\Lib\site-packages\anyio\to_thread.py", line 63, in run_sync
    return await get_async_backend().run_sync_in_worker_thread(
           ^^^^^^^^^^^^^^^^^^^^^^^^^^^^^^^^^^^^^^^^^^^^^^^^^^^^
  File "C:\Users\gabri\Documents\GitHub\Sexo\Bot\amazon-promo-bot\.venv\Lib\site-packages\anyio\_backends\_asyncio.py", line 2518, in run_sync_in_worker_thread
    return await future
           ^^^^^^^^^^^^
  File "C:\Users\gabri\Documents\GitHub\Sexo\Bot\amazon-promo-bot\.venv\Lib\site-packages\anyio\_backends\_asyncio.py", line 1002, in run
    result = context.run(func, *args)
             ^^^^^^^^^^^^^^^^^^^^^^^^
  File "C:\Users\gabri\Documents\GitHub\Sexo\Bot\amazon-promo-bot\app\main.py", line 46, in dashboard
    return templates.TemplateResponse(
           ^^^^^^^^^^^^^^^^^^^^^^^^^^^
  File "C:\Users\gabri\Documents\GitHub\Sexo\Bot\amazon-promo-bot\.venv\Lib\site-packages\starlette\templating.py", line 148, in TemplateResponse
    template = self.get_template(name)
               ^^^^^^^^^^^^^^^^^^^^^^^
  File "C:\Users\gabri\Documents\GitHub\Sexo\Bot\amazon-promo-bot\.venv\Lib\site-packages\starlette\templating.py", line 115, in get_template
    return self.env.get_template(name)
           ^^^^^^^^^^^^^^^^^^^^^^^^^^^
  File "C:\Users\gabri\Documents\GitHub\Sexo\Bot\amazon-promo-bot\.venv\Lib\site-packages\jinja2\environment.py", line 1016, in get_template
    return self._load_template(name, globals)
           ^^^^^^^^^^^^^^^^^^^^^^^^^^^^^^^^^^
  File "C:\Users\gabri\Documents\GitHub\Sexo\Bot\amazon-promo-bot\.venv\Lib\site-packages\jinja2\environment.py", line 964, in _load_template
    template = self.cache.get(cache_key)
               ^^^^^^^^^^^^^^^^^^^^^^^^^
  File "C:\Users\gabri\Documents\GitHub\Sexo\Bot\amazon-promo-bot\.venv\Lib\site-packages\jinja2\utils.py", line 477, in get
    return self[key]
           ~~~~^^^^^
  File "C:\Users\gabri\Documents\GitHub\Sexo\Bot\amazon-promo-bot\.venv\Lib\site-packages\jinja2\utils.py", line 515, in __getitem__
    rv = self._mapping[key]
         ~~~~~~~~~~~~~^^^^^
TypeError: unhashable type: 'dict'
INFO:     Shutting down
INFO:     Waiting for application shutdown.
INFO:     Application shutdown complete.
INFO:     Finished server process [39048]
INFO:     Started server process [36292]
INFO:     Waiting for application startup.
INFO:     Application startup complete.
